\BOOKMARK [0][-]{chapter.1}{\376\377\0001\000\040\000I\000n\000d\000e\000k\000s\000\040\000s\000t\000r\000u\000k\000t\000u\000r\000\040\000d\000a\000n\000y\000c\000h}{}% 1
\BOOKMARK [1][-]{section.1.1}{\376\377\0001\000.\0001\000\040\000S\000t\000r\000u\000k\000t\000u\000r\000y\000\040\000d\000a\000n\000y\000c\000h}{chapter.1}% 2
\BOOKMARK [0][-]{chapter.2}{\376\377\0002\000\040\000I\000n\000d\000e\000k\000s\000\040\000p\000l\000i\000k\000\363\000w}{}% 3
\BOOKMARK [1][-]{section.2.1}{\376\377\0002\000.\0001\000\040\000L\000i\000s\000t\000a\000\040\000p\000l\000i\000k\000\363\000w}{chapter.2}% 4
\BOOKMARK [0][-]{chapter.3}{\376\377\0003\000\040\000D\000o\000k\000u\000m\000e\000n\000t\000a\000c\000j\000a\000\040\000s\000t\000r\000u\000k\000t\000u\000r\000\040\000d\000a\000n\000y\000c\000h}{}% 5
\BOOKMARK [1][-]{section.3.1}{\376\377\0003\000.\0001\000\040\000D\000o\000k\000u\000m\000e\000n\000t\000a\000c\000j\000a\000\040\000s\000t\000r\000u\000k\000t\000u\000r\000y\000\040\000E\000k\000w\000i\000p\000u\000n\000e\000k\000s\000t\000r}{chapter.3}% 6
\BOOKMARK [1][-]{section.3.2}{\376\377\0003\000.\0002\000\040\000D\000o\000k\000u\000m\000e\000n\000t\000a\000c\000j\000a\000\040\000s\000t\000r\000u\000k\000t\000u\000r\000y\000\040\000k\000o\000r\000d\000y}{chapter.3}% 7
\BOOKMARK [1][-]{section.3.3}{\376\377\0003\000.\0003\000\040\000D\000o\000k\000u\000m\000e\000n\000t\000a\000c\000j\000a\000\040\000s\000t\000r\000u\000k\000t\000u\000r\000y\000\040\000p\000o\000l\000e}{chapter.3}% 8
\BOOKMARK [1][-]{section.3.4}{\376\377\0003\000.\0004\000\040\000D\000o\000k\000u\000m\000e\000n\000t\000a\000c\000j\000a\000\040\000s\000t\000r\000u\000k\000t\000u\000r\000y\000\040\000t\000a\000b\000w\000y\000n}{chapter.3}% 9
\BOOKMARK [1][-]{section.3.5}{\376\377\0003\000.\0005\000\040\000D\000o\000k\000u\000m\000e\000n\000t\000a\000c\000j\000a\000\040\000s\000t\000r\000u\000k\000t\000u\000r\000y\000\040\000w\000r\000o\000g}{chapter.3}% 10
\BOOKMARK [0][-]{chapter.4}{\376\377\0004\000\040\000D\000o\000k\000u\000m\000e\000n\000t\000a\000c\000j\000a\000\040\000p\000l\000i\000k\000\363\000w}{}% 11
\BOOKMARK [1][-]{section.4.1}{\376\377\0004\000.\0001\000\040\000D\000o\000k\000u\000m\000e\000n\000t\000a\000c\000j\000a\000\040\000p\000l\000i\000k\000u\000\040\000e\000d\000y\000t\000o\000r\000m\000a\000p\000.\000h}{chapter.4}% 12
\BOOKMARK [2][-]{subsection.4.1.1}{\376\377\0004\000.\0001\000.\0001\000\040\000D\000o\000k\000u\000m\000e\000n\000t\000a\000c\000j\000a\000\040\000f\000u\000n\000k\000c\000j\000i}{section.4.1}% 13
\BOOKMARK [3][-]{subsubsection.4.1.1.1}{\376\377\0004\000.\0001\000.\0001\000.\0001\000\040\000e\000d\000y\000c\000j\000a\000\050\000\051}{subsection.4.1.1}% 14
\BOOKMARK [3][-]{subsubsection.4.1.1.2}{\376\377\0004\000.\0001\000.\0001\000.\0002\000\040\000e\000d\000y\000t\000o\000r\000m\000a\000p\000\050\000\051}{subsection.4.1.1}% 15
\BOOKMARK [3][-]{subsubsection.4.1.1.3}{\376\377\0004\000.\0001\000.\0001\000.\0003\000\040\000n\000o\000w\000a\000m\000a\000p\000a\000\050\000\051}{subsection.4.1.1}% 16
\BOOKMARK [3][-]{subsubsection.4.1.1.4}{\376\377\0004\000.\0001\000.\0001\000.\0004\000\040\000p\000r\000z\000e\000m\000i\000e\000s\000z\000c\000z\000e\000n\000i\000e\000\050\000\051}{subsection.4.1.1}% 17
\BOOKMARK [3][-]{subsubsection.4.1.1.5}{\376\377\0004\000.\0001\000.\0001\000.\0005\000\040\000s\000t\000a\000r\000a\000m\000a\000p\000a\000\050\000\051}{subsection.4.1.1}% 18
\BOOKMARK [3][-]{subsubsection.4.1.1.6}{\376\377\0004\000.\0001\000.\0001\000.\0006\000\040\000w\000k\000t\000o\000r\000a\000s\000t\000r\000o\000n\000e\000\050\000\051}{subsection.4.1.1}% 19
\BOOKMARK [3][-]{subsubsection.4.1.1.7}{\376\377\0004\000.\0001\000.\0001\000.\0007\000\040\000w\000p\000i\000s\000z\000\050\000\051}{subsection.4.1.1}% 20
\BOOKMARK [1][-]{section.4.2}{\376\377\0004\000.\0002\000\040\000D\000o\000k\000u\000m\000e\000n\000t\000a\000c\000j\000a\000\040\000p\000l\000i\000k\000u\000\040\000g\000r\000a\000.\000h}{chapter.4}% 21
\BOOKMARK [2][-]{subsection.4.2.1}{\376\377\0004\000.\0002\000.\0001\000\040\000D\000o\000k\000u\000m\000e\000n\000t\000a\000c\000j\000a\000\040\000f\000u\000n\000k\000c\000j\000i}{section.4.2}% 22
\BOOKMARK [3][-]{subsubsection.4.2.1.1}{\376\377\0004\000.\0002\000.\0001\000.\0001\000\040\000d\000o\000d\000l\000i\000s\000t\000a\000\050\000\051}{subsection.4.2.1}% 23
\BOOKMARK [3][-]{subsubsection.4.2.1.2}{\376\377\0004\000.\0002\000.\0001\000.\0002\000\040\000g\000r\000a\000\050\000\051}{subsection.4.2.1}% 24
\BOOKMARK [3][-]{subsubsection.4.2.1.3}{\376\377\0004\000.\0002\000.\0001\000.\0003\000\040\000k\000l\000a\000w\000i\000a\000t\000u\000r\000a\000\050\000\051}{subsection.4.2.1}% 25
\BOOKMARK [3][-]{subsubsection.4.2.1.4}{\376\377\0004\000.\0002\000.\0001\000.\0004\000\040\000o\000t\000w\000d\000r\000z\000w\000i\000\050\000\051}{subsection.4.2.1}% 26
\BOOKMARK [3][-]{subsubsection.4.2.1.5}{\376\377\0004\000.\0002\000.\0001\000.\0005\000\040\000p\000o\000r\000u\000s\000z\000a\000n\000i\000e\000s\000i\000e\000\050\000\051}{subsection.4.2.1}% 27
\BOOKMARK [3][-]{subsubsection.4.2.1.6}{\376\377\0004\000.\0002\000.\0001\000.\0006\000\040\000r\000u\000c\000h\000\050\000\051}{subsection.4.2.1}% 28
\BOOKMARK [3][-]{subsubsection.4.2.1.7}{\376\377\0004\000.\0002\000.\0001\000.\0007\000\040\000z\000n\000a\000j\000d\000z\000w\000e\000k\000w\000\050\000\051}{subsection.4.2.1}% 29
\BOOKMARK [3][-]{subsubsection.4.2.1.8}{\376\377\0004\000.\0002\000.\0001\000.\0008\000\040\000z\000n\000a\000k\000l\000u\000\050\000\051}{subsection.4.2.1}% 30
\BOOKMARK [1][-]{section.4.3}{\376\377\0004\000.\0003\000\040\000D\000o\000k\000u\000m\000e\000n\000t\000a\000c\000j\000a\000\040\000p\000l\000i\000k\000u\000\040\000H\000e\000a\000d\000e\000r\000.\000h}{chapter.4}% 31
\BOOKMARK [2][-]{subsection.4.3.1}{\376\377\0004\000.\0003\000.\0001\000\040\000D\000o\000k\000u\000m\000e\000n\000t\000a\000c\000j\000a\000\040\000f\000u\000n\000k\000c\000j\000i}{section.4.3}% 32
\BOOKMARK [3][-]{subsubsection.4.3.1.1}{\376\377\0004\000.\0003\000.\0001\000.\0001\000\040\000c\000z\000y\000s\000z\000c\000z\000e\000n\000i\000e\000\050\000\051}{subsection.4.3.1}% 33
\BOOKMARK [3][-]{subsubsection.4.3.1.2}{\376\377\0004\000.\0003\000.\0001\000.\0002\000\040\000c\000z\000y\000s\000z\000c\000z\000e\000n\000i\000e\000b\000u\000f\000o\000r\000a\000\050\000\051}{subsection.4.3.1}% 34
\BOOKMARK [3][-]{subsubsection.4.3.1.3}{\376\377\0004\000.\0003\000.\0001\000.\0003\000\040\000d\000o\000w\000o\000l\000n\000y\000p\000r\000z\000y\000c\000i\000s\000k\000\050\000\051}{subsection.4.3.1}% 35
\BOOKMARK [3][-]{subsubsection.4.3.1.4}{\376\377\0004\000.\0003\000.\0001\000.\0004\000\040\000g\000o\000t\000o\000x\000y\000\050\000\051}{subsection.4.3.1}% 36
\BOOKMARK [3][-]{subsubsection.4.3.1.5}{\376\377\0004\000.\0003\000.\0001\000.\0005\000\040\000p\000o\000d\000m\000i\000e\000n\000\050\000\051}{subsection.4.3.1}% 37
\BOOKMARK [1][-]{section.4.4}{\376\377\0004\000.\0004\000\040\000D\000o\000k\000u\000m\000e\000n\000t\000a\000c\000j\000a\000\040\000p\000l\000i\000k\000u\000\040\000o\000b\000s\000l\000u\000g\000a\000p\000l\000i\000k\000u\000.\000h}{chapter.4}% 38
\BOOKMARK [2][-]{subsection.4.4.1}{\376\377\0004\000.\0004\000.\0001\000\040\000D\000o\000k\000u\000m\000e\000n\000t\000a\000c\000j\000a\000\040\000f\000u\000n\000k\000c\000j\000i}{section.4.4}% 39
\BOOKMARK [3][-]{subsubsection.4.4.1.1}{\376\377\0004\000.\0004\000.\0001\000.\0001\000\040\000c\000z\000y\000t\000a\000n\000i\000e\000m\000a\000p\000y\000\050\000\051}{subsection.4.4.1}% 40
\BOOKMARK [3][-]{subsubsection.4.4.1.2}{\376\377\0004\000.\0004\000.\0001\000.\0002\000\040\000z\000a\000p\000i\000s\000z\000m\000a\000p\000e\000\050\000\051}{subsection.4.4.1}% 41
\BOOKMARK [3][-]{subsubsection.4.4.1.3}{\376\377\0004\000.\0004\000.\0001\000.\0003\000\040\000z\000c\000z\000y\000t\000a\000j\000\050\000\051}{subsection.4.4.1}% 42
\BOOKMARK [3][-]{subsubsection.4.4.1.4}{\376\377\0004\000.\0004\000.\0001\000.\0004\000\040\000z\000c\000z\000y\000t\000a\000j\000t\000a\000b\000l\000i\000c\000e\000\050\000\051}{subsection.4.4.1}% 43
\BOOKMARK [1][-]{section.4.5}{\376\377\0004\000.\0005\000\040\000D\000o\000k\000u\000m\000e\000n\000t\000a\000c\000j\000a\000\040\000p\000l\000i\000k\000u\000\040\000p\000r\000z\000e\000c\000i\000w\000n\000i\000c\000y\000.\000h}{chapter.4}% 44
\BOOKMARK [2][-]{subsection.4.5.1}{\376\377\0004\000.\0005\000.\0001\000\040\000D\000o\000k\000u\000m\000e\000n\000t\000a\000c\000j\000a\000\040\000f\000u\000n\000k\000c\000j\000i}{section.4.5}% 45
\BOOKMARK [3][-]{subsubsection.4.5.1.1}{\376\377\0004\000.\0005\000.\0001\000.\0001\000\040\000d\000o\000d\000p\000r\000z\000e\000c\000\050\000\051}{subsection.4.5.1}% 46
\BOOKMARK [3][-]{subsubsection.4.5.1.2}{\376\377\0004\000.\0005\000.\0001\000.\0002\000\040\000g\000d\000z\000i\000e\000i\000s\000c\000p\000r\000z\000e\000\050\000\051}{subsection.4.5.1}% 47
\BOOKMARK [3][-]{subsubsection.4.5.1.3}{\376\377\0004\000.\0005\000.\0001\000.\0003\000\040\000p\000o\000r\000u\000s\000z\000p\000r\000z\000e\000c\000i\000w\000n\000i\000k\000a\000m\000i\000\050\000\051}{subsection.4.5.1}% 48
\BOOKMARK [3][-]{subsubsection.4.5.1.4}{\376\377\0004\000.\0005\000.\0001\000.\0004\000\040\000p\000o\000t\000w\000o\000r\000p\000r\000z\000e\000d\000\050\000\051}{subsection.4.5.1}% 49
\BOOKMARK [3][-]{subsubsection.4.5.1.5}{\376\377\0004\000.\0005\000.\0001\000.\0005\000\040\000r\000u\000c\000h\000n\000o\000r\000m\000a\000l\000n\000y\000\050\000\051}{subsection.4.5.1}% 50
\BOOKMARK [3][-]{subsubsection.4.5.1.6}{\376\377\0004\000.\0005\000.\0001\000.\0006\000\040\000r\000u\000c\000h\000n\000o\000r\000m\000a\000l\000n\000y\000z\000w\000\050\000\051}{subsection.4.5.1}% 51
\BOOKMARK [3][-]{subsubsection.4.5.1.7}{\376\377\0004\000.\0005\000.\0001\000.\0007\000\040\000r\000u\000c\000h\000o\000d\000w\000r\000o\000t\000n\000y\000\050\000\051}{subsection.4.5.1}% 52
\BOOKMARK [3][-]{subsubsection.4.5.1.8}{\376\377\0004\000.\0005\000.\0001\000.\0008\000\040\000r\000u\000c\000h\000o\000d\000w\000r\000o\000t\000n\000y\000z\000w\000\050\000\051}{subsection.4.5.1}% 53
\BOOKMARK [3][-]{subsubsection.4.5.1.9}{\376\377\0004\000.\0005\000.\0001\000.\0009\000\040\000u\000s\000u\000n\000p\000r\000z\000e\000c\000i\000w\000\050\000\051}{subsection.4.5.1}% 54
\BOOKMARK [3][-]{subsubsection.4.5.1.10}{\376\377\0004\000.\0005\000.\0001\000.\0001\0000\000\040\000w\000y\000s\000z\000c\000z\000s\000c\000r\000u\000c\000h\000\050\000\051}{subsection.4.5.1}% 55
\BOOKMARK [3][-]{subsubsection.4.5.1.11}{\376\377\0004\000.\0005\000.\0001\000.\0001\0001\000\040\000z\000m\000i\000a\000n\000a\000p\000o\000z\000y\000c\000j\000i\000p\000r\000z\000e\000\050\000\051}{subsection.4.5.1}% 56
\BOOKMARK [3][-]{subsubsection.4.5.1.12}{\376\377\0004\000.\0005\000.\0001\000.\0001\0002\000\040\000z\000n\000a\000j\000d\000z\000p\000r\000z\000e\000c\000i\000w\000n\000i\000k\000a\000\050\000\051}{subsection.4.5.1}% 57
\BOOKMARK [1][-]{section.4.6}{\376\377\0004\000.\0006\000\040\000D\000o\000k\000u\000m\000e\000n\000t\000a\000c\000j\000a\000\040\000p\000l\000i\000k\000u\000\040\000t\000a\000b\000l\000i\000c\000a\000w\000y\000n\000i\000k\000o\000w\000.\000h}{chapter.4}% 58
\BOOKMARK [2][-]{subsection.4.6.1}{\376\377\0004\000.\0006\000.\0001\000\040\000D\000o\000k\000u\000m\000e\000n\000t\000a\000c\000j\000a\000\040\000f\000u\000n\000k\000c\000j\000i}{section.4.6}% 59
\BOOKMARK [3][-]{subsubsection.4.6.1.1}{\376\377\0004\000.\0006\000.\0001\000.\0001\000\040\000d\000o\000d\000a\000j\000w\000y\000n\000i\000k\000\050\000\051}{subsection.4.6.1}% 60
\BOOKMARK [3][-]{subsubsection.4.6.1.2}{\376\377\0004\000.\0006\000.\0001\000.\0002\000\040\000t\000a\000b\000l\000i\000c\000a\000w\000y\000n\000i\000k\000o\000w\000\050\000\051}{subsection.4.6.1}% 61
\BOOKMARK [3][-]{subsubsection.4.6.1.3}{\376\377\0004\000.\0006\000.\0001\000.\0003\000\040\000w\000i\000p\000i\000s\000z\000d\000o\000t\000a\000b\000l\000i\000c\000y\000\050\000\051}{subsection.4.6.1}% 62
\BOOKMARK [3][-]{subsubsection.4.6.1.4}{\376\377\0004\000.\0006\000.\0001\000.\0004\000\040\000z\000a\000p\000i\000s\000z\000t\000a\000b\000l\000i\000c\000e\000\050\000\051}{subsection.4.6.1}% 63
\BOOKMARK [1][-]{section.4.7}{\376\377\0004\000.\0007\000\040\000D\000o\000k\000u\000m\000e\000n\000t\000a\000c\000j\000a\000\040\000p\000l\000i\000k\000u\000\040\000u\000s\000u\000w\000a\000n\000i\000e\000.\000h}{chapter.4}% 64
\BOOKMARK [2][-]{subsection.4.7.1}{\376\377\0004\000.\0007\000.\0001\000\040\000D\000o\000k\000u\000m\000e\000n\000t\000a\000c\000j\000a\000\040\000f\000u\000n\000k\000c\000j\000i}{section.4.7}% 65
\BOOKMARK [3][-]{subsubsection.4.7.1.1}{\376\377\0004\000.\0007\000.\0001\000.\0001\000\040\000u\000s\000u\000n\000c\000a\000l\000a\000m\000a\000p\000e\000\050\000\051}{subsection.4.7.1}% 66
\BOOKMARK [3][-]{subsubsection.4.7.1.2}{\376\377\0004\000.\0007\000.\0001\000.\0002\000\040\000u\000s\000u\000n\000e\000k\000w\000i\000p\000u\000n\000e\000k\000\050\000\051}{subsection.4.7.1}% 67
\BOOKMARK [3][-]{subsubsection.4.7.1.3}{\376\377\0004\000.\0007\000.\0001\000.\0003\000\040\000u\000s\000u\000n\000l\000i\000s\000t\000e\000\050\000\051}{subsection.4.7.1}% 68
\BOOKMARK [3][-]{subsubsection.4.7.1.4}{\376\377\0004\000.\0007\000.\0001\000.\0004\000\040\000u\000s\000u\000n\000m\000a\000p\000e\000\050\000\051}{subsection.4.7.1}% 69
\BOOKMARK [3][-]{subsubsection.4.7.1.5}{\376\377\0004\000.\0007\000.\0001\000.\0005\000\040\000u\000s\000u\000n\000n\000a\000z\000w\000e\000\050\000\051}{subsection.4.7.1}% 70
\BOOKMARK [3][-]{subsubsection.4.7.1.6}{\376\377\0004\000.\0007\000.\0001\000.\0006\000\040\000u\000s\000u\000n\000t\000a\000b\000l\000i\000c\000e\000\050\000\051}{subsection.4.7.1}% 71
\BOOKMARK [1][-]{section.4.8}{\376\377\0004\000.\0008\000\040\000D\000o\000k\000u\000m\000e\000n\000t\000a\000c\000j\000a\000\040\000p\000l\000i\000k\000u\000\040\000w\000y\000p\000i\000s\000y\000w\000a\000n\000i\000e\000.\000h}{chapter.4}% 72
\BOOKMARK [2][-]{subsection.4.8.1}{\376\377\0004\000.\0008\000.\0001\000\040\000D\000o\000k\000u\000m\000e\000n\000t\000a\000c\000j\000a\000\040\000f\000u\000n\000k\000c\000j\000i}{section.4.8}% 73
\BOOKMARK [3][-]{subsubsection.4.8.1.1}{\376\377\0004\000.\0008\000.\0001\000.\0001\000\040\000w\000y\000p\000i\000s\000z\000e\000k\000w\000\050\000\051}{subsection.4.8.1}% 74
\BOOKMARK [3][-]{subsubsection.4.8.1.2}{\376\377\0004\000.\0008\000.\0001\000.\0002\000\040\000w\000y\000p\000i\000s\000z\000m\000a\000p\000a\000\050\000\051}{subsection.4.8.1}% 75
\BOOKMARK [3][-]{subsubsection.4.8.1.3}{\376\377\0004\000.\0008\000.\0001\000.\0003\000\040\000w\000y\000p\000i\000s\000z\000m\000a\000p\000i\000e\000k\000w\000\050\000\051}{subsection.4.8.1}% 76
\BOOKMARK [3][-]{subsubsection.4.8.1.4}{\376\377\0004\000.\0008\000.\0001\000.\0004\000\040\000w\000y\000p\000i\000s\000z\000p\000o\000m\000c\000h\000o\000d\000z\000e\000n\000i\000e\000\050\000\051}{subsection.4.8.1}% 77
\BOOKMARK [3][-]{subsubsection.4.8.1.5}{\376\377\0004\000.\0008\000.\0001\000.\0005\000\040\000w\000y\000p\000i\000s\000z\000p\000o\000m\000o\000c\000\050\000\051}{subsection.4.8.1}% 78
\BOOKMARK [0][-]{section*.17}{\376\377\000I\000n\000d\000e\000k\000s}{}% 79
