d:\projekty\projekty\c-semestr3\warcabyv3\warcabyv3\debug\vc142.pdb
d:\projekty\projekty\c-semestr3\warcabyv3\warcabyv3\debug\vc142.idb
d:\projekty\projekty\c-semestr3\warcabyv3\warcabyv3\debug\source1.obj
d:\projekty\projekty\c-semestr3\warcabyv3\warcabyv3\debug\listaokien.obj
d:\projekty\projekty\c-semestr3\warcabyv3\warcabyv3\debug\grafika.obj
d:\projekty\projekty\c-semestr3\warcabyv3\warcabyv3\debug\pole.obj
d:\projekty\projekty\c-semestr3\warcabyv3\warcabyv3\debug\zasady.obj
d:\projekty\projekty\c-semestr3\warcabyv3\warcabyv3\debug\plansza.obj
d:\projekty\projekty\c-semestr3\warcabyv3\warcabyv3\debug\gra.obj
d:\projekty\projekty\c-semestr3\warcabyv3\warcabyv3\debug\listazmian.obj
d:\projekty\projekty\c-semestr3\warcabyv3\debug\warcabyv3.exe
d:\projekty\projekty\c-semestr3\warcabyv3\debug\warcabyv3.ilk
d:\projekty\projekty\c-semestr3\warcabyv3\debug\warcabyv3.pdb
d:\projekty\projekty\c-semestr3\warcabyv3\warcabyv3\debug\gra.obj.enc
d:\projekty\projekty\c-semestr3\warcabyv3\warcabyv3\debug\warcabyv3.tlog\cl.command.1.tlog
d:\projekty\projekty\c-semestr3\warcabyv3\warcabyv3\debug\warcabyv3.tlog\cl.read.1.tlog
d:\projekty\projekty\c-semestr3\warcabyv3\warcabyv3\debug\warcabyv3.tlog\cl.write.1.tlog
d:\projekty\projekty\c-semestr3\warcabyv3\warcabyv3\debug\warcabyv3.tlog\link.command.1.tlog
d:\projekty\projekty\c-semestr3\warcabyv3\warcabyv3\debug\warcabyv3.tlog\link.read.1.tlog
d:\projekty\projekty\c-semestr3\warcabyv3\warcabyv3\debug\warcabyv3.tlog\link.write.1.tlog
