d:\projekty\dkwtorek1330\szachy\szachy\debug\vc142.pdb
d:\projekty\dkwtorek1330\szachy\szachy\debug\vc142.idb
d:\projekty\dkwtorek1330\szachy\szachy\debug\wieza.obj
d:\projekty\dkwtorek1330\szachy\szachy\debug\szachy.obj
d:\projekty\dkwtorek1330\szachy\szachy\debug\ruch.obj
d:\projekty\dkwtorek1330\szachy\szachy\debug\plansza.obj
d:\projekty\dkwtorek1330\szachy\szachy\debug\pionek.obj
d:\projekty\dkwtorek1330\szachy\szachy\debug\krol.obj
d:\projekty\dkwtorek1330\szachy\szachy\debug\kon.obj
d:\projekty\dkwtorek1330\szachy\szachy\debug\hetman.obj
d:\projekty\dkwtorek1330\szachy\szachy\debug\grafika.obj
d:\projekty\dkwtorek1330\szachy\szachy\debug\goniec.obj
d:\projekty\dkwtorek1330\szachy\szachy\debug\glowna.obj
d:\projekty\dkwtorek1330\szachy\szachy\debug\pole.obj
d:\projekty\dkwtorek1330\szachy\debug\szachy.exe
d:\projekty\dkwtorek1330\szachy\debug\szachy.ilk
d:\projekty\dkwtorek1330\szachy\debug\szachy.pdb
d:\projekty\dkwtorek1330\szachy\szachy\debug\szachy.tlog\cl.command.1.tlog
d:\projekty\dkwtorek1330\szachy\szachy\debug\szachy.tlog\cl.read.1.tlog
d:\projekty\dkwtorek1330\szachy\szachy\debug\szachy.tlog\cl.write.1.tlog
d:\projekty\dkwtorek1330\szachy\szachy\debug\szachy.tlog\link.command.1.tlog
d:\projekty\dkwtorek1330\szachy\szachy\debug\szachy.tlog\link.read.1.tlog
d:\projekty\dkwtorek1330\szachy\szachy\debug\szachy.tlog\link.write.1.tlog
